INFO 2025-03-17 09:56:40,866 signals Organization created - ID: d3f6fd70-e963-4572-9acd-7be85d2bf863, Name: org_to_test_signal, Owner: admin
INFO 2025-03-17 09:57:04,425 signals Organization deleted - ID: d3f6fd70-e963-4572-9acd-7be85d2bf863, Name: org_to_test_signal, Owner: admin
INFO 2025-03-17 10:09:50,364 signals Organization created - ID: 0abf145c-e075-4082-97ae-31cf7cd998c9, Name: Test Org, Owner: testuser
INFO 2025-03-17 10:09:50,649 signals Organization created - ID: 8688ba1a-c5a6-4cce-b029-0c73d9b8685d, Name: Test Org, Owner: testuser
INFO 2025-03-17 10:09:50,914 signals Organization created - ID: 19364721-43ad-440f-a305-065c9b0adaf4, Name: Test Org, Owner: testuser
INFO 2025-03-17 10:09:51,182 signals Organization created - ID: d56e5f52-ac2c-470b-b164-62116e06143d, Name: Test Org, Owner: testuser
INFO 2025-03-17 10:09:51,446 signals Organization created - ID: 78d2d358-5460-4c5d-b14b-bc51870a6831, Name: Other Org, Owner: otheruser
INFO 2025-03-17 10:09:51,717 signals Organization created - ID: 1c6ebb56-5d8c-454c-bf21-26a09fa8b529, Name: Test Organization, Owner: testuser
INFO 2025-03-17 10:09:51,983 signals Organization created - ID: 78da08c4-194c-47d6-b166-dc5631ab4c52, Name: Test Org, Owner: testuser
INFO 2025-03-17 10:09:51,990 signals Organization deleted - ID: 78da08c4-194c-47d6-b166-dc5631ab4c52, Name: Test Org, Owner: testuser
INFO 2025-03-17 10:09:52,248 signals Organization created - ID: 5bc7ebc5-4149-4c40-bcc7-61c481017c3c, Name: Test Org, Owner: testuser
INFO 2025-03-17 10:09:52,769 signals Organization created - ID: c1a8775b-f260-4e51-b0f6-bb77fc718431, Name: Test Org, Owner: otheruser
INFO 2025-03-17 10:09:53,295 signals Organization created - ID: 9499d820-0f48-4ddc-9425-fc140c6eac40, Name: Test Org, Owner: testuser
INFO 2025-03-17 10:09:53,562 signals Organization created - ID: 112b9dfe-7720-4c67-8820-454a541a9aff, Name: Test Org, Owner: testuser
INFO 2025-03-17 10:17:26,045 signals Organization created - ID: c554f345-159c-4cf8-a77d-b884fa21de58, Name: Test Org, Owner: testuser
INFO 2025-03-17 10:17:26,583 signals Organization created - ID: 475f8fd9-b083-44a1-8826-eb2e2aa862a2, Name: Test Org, Owner: testuser
INFO 2025-03-17 10:17:26,856 signals Organization created - ID: c74de430-9357-47f8-8704-fde56fb1cb81, Name: Test Org, Owner: testuser
INFO 2025-03-17 10:17:27,121 signals Organization created - ID: bc759484-72d6-49a1-8b31-e43856e64d8f, Name: Test Org, Owner: testuser
INFO 2025-03-17 10:17:27,387 signals Organization created - ID: b1164fb7-aad8-4881-ad36-728ba2de5c6f, Name: Test Org, Owner: testuser
INFO 2025-03-17 10:17:27,652 signals Organization created - ID: 4b514349-0b2d-4525-9ee1-b2ff9602c12d, Name: Other Org, Owner: otheruser
INFO 2025-03-17 10:17:33,151 signals Organization created - ID: f4a9d56c-5063-4a1f-bcb8-4a12a5e51c1e, Name: Test Org, Owner: testuser
INFO 2025-03-17 10:17:33,708 signals Organization created - ID: 01250d36-944d-4e3a-9de6-9237448359a1, Name: Test Org, Owner: testuser
INFO 2025-03-17 10:17:33,982 signals Organization created - ID: b1aa5242-de38-449b-9819-9b7545dd8e72, Name: Test Org, Owner: testuser
INFO 2025-03-17 10:17:34,256 signals Organization created - ID: 41ae9b1c-b16f-4478-b393-cd370af4e16c, Name: Test Org, Owner: testuser
INFO 2025-03-17 10:17:34,527 signals Organization created - ID: 68567534-6db5-42b2-b7b2-03386f4b3a95, Name: Test Org, Owner: testuser
INFO 2025-03-17 10:17:34,792 signals Organization created - ID: 6da287dd-873d-4a01-8616-446c3ed9eae2, Name: Other Org, Owner: otheruser
INFO 2025-03-17 10:17:35,063 signals Organization created - ID: 4deb6ba0-de14-4a2a-9ea5-05b2d0ed5cdf, Name: Test Organization, Owner: testuser
INFO 2025-03-17 10:17:35,331 signals Organization created - ID: 39ccb3fc-8e8b-4606-8b23-6f27f028acd6, Name: Test Org, Owner: testuser
INFO 2025-03-17 10:17:35,337 signals Organization deleted - ID: 39ccb3fc-8e8b-4606-8b23-6f27f028acd6, Name: Test Org, Owner: testuser
INFO 2025-03-17 10:17:35,602 signals Organization created - ID: 6935f9d3-dc2f-424d-9343-abb2200a2096, Name: Test Org, Owner: testuser
INFO 2025-03-17 10:17:36,126 signals Organization created - ID: bba3d4c7-9edf-43e0-ba26-cd29d73db07f, Name: Test Org, Owner: otheruser
INFO 2025-03-17 10:17:36,659 signals Organization created - ID: daa57769-834a-40e7-a75f-fe9b52347a04, Name: Test Org, Owner: testuser
INFO 2025-03-17 10:17:36,935 signals Organization created - ID: dda4b00a-8e49-4ab8-932e-4e9a7a3ffddb, Name: Test Org, Owner: testuser
